<?xml version="1.0" encoding="UTF-8"?>
<!-- Generated by org.testng.reporters.JUnitReportReporter -->
<testsuite skipped="0" hostname="Richi" name="Runner.CucumberRunner" tests="9" failures="0" timestamp="2024-03-12T16:22:25 BDT" time="191.190" errors="0">
  <testcase name="runScenario" time="6.746" classname="Runner.CucumberRunner"/>
  <system-out/>
  <testcase name="runScenario" time="16.547" classname="Runner.CucumberRunner"/>
  <system-out/>
  <testcase name="runScenario" time="4.679" classname="Runner.CucumberRunner"/>
  <system-out/>
  <testcase name="runScenario" time="5.150" classname="Runner.CucumberRunner"/>
  <system-out/>
  <testcase name="runScenario" time="61.730" classname="Runner.CucumberRunner"/>
  <system-out/>
  <testcase name="runScenario" time="8.723" classname="Runner.CucumberRunner"/>
  <system-out/>
  <testcase name="runScenario" time="44.651" classname="Runner.CucumberRunner"/>
  <system-out/>
  <testcase name="runScenario" time="19.196" classname="Runner.CucumberRunner"/>
  <system-out/>
  <testcase name="runScenario" time="23.768" classname="Runner.CucumberRunner"/>
  <system-out/>
</testsuite> <!-- Runner.CucumberRunner -->
